<?xml version="1.0" encoding="UTF-8"?>
<testsuite xmlns:xsi="http://www.w3.org/2001/XMLSchema-instance" xsi:noNamespaceSchemaLocation="https://maven.apache.org/surefire/maven-surefire-plugin/xsd/surefire-test-report-3.0.xsd" version="3.0" name="com.demo.TimerTest" time="0.107" tests="6" errors="0" skipped="0" failures="0">
  <properties>
[...]
</properties>
  <testcase name="timeFormatTwoDigits" classname="com.demo.TimerTest" time="0.038"/>
  <testcase name="timeFormatZero" classname="com.demo.TimerTest" time="0.002"/>
  <testcase name="grindModeBreakDuration" classname="com.demo.TimerTest" time="0.004"/>
  <testcase name="grindModeWorkDuration" classname="com.demo.TimerTest" time="0.002"/>
  <testcase name="flowModeBreakDuration" classname="com.demo.TimerTest" time="0.001"/>
  <testcase name="flowModeWorkDuration" classname="com.demo.TimerTest" time="0.001"/>
</testsuite>